[INFO] Scanning for projects...
[INFO] 
[INFO] -----------< br.com.engdb.services:developer-portal-service >-----------
[INFO] Building developer-portal-service 1.0.0-SNAPSHOT
[INFO] --------------------------------[ jar ]---------------------------------
[WARNING] The artifact org.apache.commons:commons-io:jar:1.3.2 has been relocated to commons-io:commons-io:jar:1.3.2
[INFO] 
[INFO] --- maven-clean-plugin:3.1.0:clean (default-clean) @ developer-portal-service ---
[INFO] Deleting C:\Users\Intera\Intera\OneDrive\Documentos\Via Varejo\Apps\devportal\developer-portal-service\.\target
[INFO] 
[INFO] --- maven-resources-plugin:3.1.0:resources (default-resources) @ developer-portal-service ---
[INFO] Using 'UTF-8' encoding to copy filtered resources.
[INFO] Copying 3 resources
[INFO] 
[INFO] --- maven-compiler-plugin:3.8.0:compile (default-compile) @ developer-portal-service ---
[INFO] Changes detected - recompiling the module!
[INFO] Compiling 10 source files to C:\Users\Intera\Intera\OneDrive\Documentos\Via Varejo\Apps\devportal\developer-portal-service\.\target\classes
[INFO] 
[INFO] --- maven-resources-plugin:3.1.0:testResources (default-testResources) @ developer-portal-service ---
[INFO] Using 'UTF-8' encoding to copy filtered resources.
[INFO] Copying 0 resource
[INFO] 
[INFO] --- maven-compiler-plugin:3.8.0:testCompile (default-testCompile) @ developer-portal-service ---
[INFO] Changes detected - recompiling the module!
[INFO] Compiling 2 source files to C:\Users\Intera\Intera\OneDrive\Documentos\Via Varejo\Apps\devportal\developer-portal-service\.\target\test-classes
[INFO] 
[INFO] --- maven-surefire-plugin:2.22.1:test (default-test) @ developer-portal-service ---
[INFO] 
[INFO] -------------------------------------------------------
[INFO]  T E S T S
[INFO] -------------------------------------------------------
[INFO] Running br.com.engdb.services.devportal.controller.integratedtests.ParameterControllerTest
19:04:28.393 [main] DEBUG org.springframework.test.context.junit4.SpringJUnit4ClassRunner - SpringJUnit4ClassRunner constructor called with [class br.com.engdb.services.devportal.controller.integratedtests.ParameterControllerTest]
19:04:28.408 [main] DEBUG org.springframework.test.context.BootstrapUtils - Instantiating CacheAwareContextLoaderDelegate from class [org.springframework.test.context.cache.DefaultCacheAwareContextLoaderDelegate]
19:04:28.431 [main] DEBUG org.springframework.test.context.BootstrapUtils - Instantiating BootstrapContext using constructor [public org.springframework.test.context.support.DefaultBootstrapContext(java.lang.Class,org.springframework.test.context.CacheAwareContextLoaderDelegate)]
19:04:28.488 [main] DEBUG org.springframework.test.context.BootstrapUtils - Instantiating TestContextBootstrapper for test class [br.com.engdb.services.devportal.controller.integratedtests.ParameterControllerTest] from class [org.springframework.boot.test.autoconfigure.web.servlet.WebMvcTestContextBootstrapper]
19:04:28.540 [main] INFO org.springframework.boot.test.autoconfigure.web.servlet.WebMvcTestContextBootstrapper - Neither @ContextConfiguration nor @ContextHierarchy found for test class [br.com.engdb.services.devportal.controller.integratedtests.ParameterControllerTest], using SpringBootContextLoader
19:04:28.554 [main] DEBUG org.springframework.test.context.support.AbstractContextLoader - Did not detect default resource location for test class [br.com.engdb.services.devportal.controller.integratedtests.ParameterControllerTest]: class path resource [br/com/engdb/services/devportal/controller/integratedtests/ParameterControllerTest-context.xml] does not exist
19:04:28.555 [main] DEBUG org.springframework.test.context.support.AbstractContextLoader - Did not detect default resource location for test class [br.com.engdb.services.devportal.controller.integratedtests.ParameterControllerTest]: class path resource [br/com/engdb/services/devportal/controller/integratedtests/ParameterControllerTestContext.groovy] does not exist
19:04:28.555 [main] INFO org.springframework.test.context.support.AbstractContextLoader - Could not detect default resource locations for test class [br.com.engdb.services.devportal.controller.integratedtests.ParameterControllerTest]: no resource found for suffixes {-context.xml, Context.groovy}.
19:04:28.557 [main] INFO org.springframework.test.context.support.AnnotationConfigContextLoaderUtils - Could not detect default configuration classes for test class [br.com.engdb.services.devportal.controller.integratedtests.ParameterControllerTest]: ParameterControllerTest does not declare any static, non-private, non-final, nested classes annotated with @Configuration.
19:04:28.729 [main] DEBUG org.springframework.test.context.support.ActiveProfilesUtils - Could not find an 'annotation declaring class' for annotation type [org.springframework.test.context.ActiveProfiles] and class [br.com.engdb.services.devportal.controller.integratedtests.ParameterControllerTest]
19:04:28.907 [main] DEBUG org.springframework.context.annotation.ClassPathScanningCandidateComponentProvider - Identified candidate component class: file [C:\Users\Intera\Intera\OneDrive\Documentos\Via Varejo\Apps\devportal\developer-portal-service\target\classes\br\com\engdb\services\devportal\DevPortalApplication.class]
19:04:28.946 [main] INFO org.springframework.boot.test.context.SpringBootTestContextBootstrapper - Found @SpringBootConfiguration br.com.engdb.services.devportal.DevPortalApplication for test class br.com.engdb.services.devportal.controller.integratedtests.ParameterControllerTest
19:04:28.951 [main] DEBUG org.springframework.boot.test.autoconfigure.web.servlet.WebMvcTestContextBootstrapper - @TestExecutionListeners is not present for class [br.com.engdb.services.devportal.controller.integratedtests.ParameterControllerTest]: using defaults.
19:04:28.952 [main] INFO org.springframework.boot.test.autoconfigure.web.servlet.WebMvcTestContextBootstrapper - Loaded default TestExecutionListener class names from location [META-INF/spring.factories]: [org.springframework.boot.test.mock.mockito.MockitoTestExecutionListener, org.springframework.boot.test.mock.mockito.ResetMocksTestExecutionListener, org.springframework.boot.test.autoconfigure.restdocs.RestDocsTestExecutionListener, org.springframework.boot.test.autoconfigure.web.client.MockRestServiceServerResetTestExecutionListener, org.springframework.boot.test.autoconfigure.web.servlet.MockMvcPrintOnlyOnFailureTestExecutionListener, org.springframework.boot.test.autoconfigure.web.servlet.WebDriverTestExecutionListener, org.springframework.test.context.web.ServletTestExecutionListener, org.springframework.test.context.support.DirtiesContextBeforeModesTestExecutionListener, org.springframework.test.context.support.DependencyInjectionTestExecutionListener, org.springframework.test.context.support.DirtiesContextTestExecutionListener, org.springframework.test.context.transaction.TransactionalTestExecutionListener, org.springframework.test.context.jdbc.SqlScriptsTestExecutionListener]
19:04:29.017 [main] INFO org.springframework.boot.test.autoconfigure.web.servlet.WebMvcTestContextBootstrapper - Using TestExecutionListeners: [org.springframework.test.context.web.ServletTestExecutionListener@7f3b84b8, org.springframework.test.context.support.DirtiesContextBeforeModesTestExecutionListener@57a3af25, org.springframework.boot.test.mock.mockito.MockitoTestExecutionListener@2b662a77, org.springframework.boot.test.autoconfigure.SpringBootDependencyInjectionTestExecutionListener@7f0eb4b4, org.springframework.test.context.support.DirtiesContextTestExecutionListener@5c33f1a9, org.springframework.test.context.transaction.TransactionalTestExecutionListener@1623b78d, org.springframework.test.context.jdbc.SqlScriptsTestExecutionListener@c8c12ac, org.springframework.boot.test.mock.mockito.ResetMocksTestExecutionListener@6adbc9d, org.springframework.boot.test.autoconfigure.restdocs.RestDocsTestExecutionListener@4550bb58, org.springframework.boot.test.autoconfigure.web.client.MockRestServiceServerResetTestExecutionListener@4ec4f3a0, org.springframework.boot.test.autoconfigure.web.servlet.MockMvcPrintOnlyOnFailureTestExecutionListener@223191a6, org.springframework.boot.test.autoconfigure.web.servlet.WebDriverTestExecutionListener@49139829]
19:04:29.025 [main] DEBUG org.springframework.test.annotation.ProfileValueUtils - Retrieved @ProfileValueSourceConfiguration [null] for test class [br.com.engdb.services.devportal.controller.integratedtests.ParameterControllerTest]
19:04:29.029 [main] DEBUG org.springframework.test.annotation.ProfileValueUtils - Retrieved ProfileValueSource type [class org.springframework.test.annotation.SystemProfileValueSource] for class [br.com.engdb.services.devportal.controller.integratedtests.ParameterControllerTest]
19:04:29.035 [main] DEBUG org.springframework.test.annotation.ProfileValueUtils - Retrieved @ProfileValueSourceConfiguration [null] for test class [br.com.engdb.services.devportal.controller.integratedtests.ParameterControllerTest]
19:04:29.035 [main] DEBUG org.springframework.test.annotation.ProfileValueUtils - Retrieved ProfileValueSource type [class org.springframework.test.annotation.SystemProfileValueSource] for class [br.com.engdb.services.devportal.controller.integratedtests.ParameterControllerTest]
19:04:29.037 [main] DEBUG org.springframework.test.annotation.ProfileValueUtils - Retrieved @ProfileValueSourceConfiguration [null] for test class [br.com.engdb.services.devportal.controller.integratedtests.ParameterControllerTest]
19:04:29.037 [main] DEBUG org.springframework.test.annotation.ProfileValueUtils - Retrieved ProfileValueSource type [class org.springframework.test.annotation.SystemProfileValueSource] for class [br.com.engdb.services.devportal.controller.integratedtests.ParameterControllerTest]
19:04:29.052 [main] DEBUG org.springframework.test.context.support.AbstractDirtiesContextTestExecutionListener - Before test class: context [DefaultTestContext@4c371370 testClass = ParameterControllerTest, testInstance = [null], testMethod = [null], testException = [null], mergedContextConfiguration = [WebMergedContextConfiguration@145f66e3 testClass = ParameterControllerTest, locations = '{}', classes = '{class br.com.engdb.services.devportal.DevPortalApplication}', contextInitializerClasses = '[]', activeProfiles = '{}', propertySourceLocations = '{}', propertySourceProperties = '{org.springframework.boot.test.autoconfigure.web.servlet.WebMvcTestContextBootstrapper=true}', contextCustomizers = set[[ImportsContextCustomizer@3023df74 key = [org.springframework.boot.autoconfigure.cache.CacheAutoConfiguration, org.springframework.boot.autoconfigure.context.MessageSourceAutoConfiguration, org.springframework.boot.autoconfigure.data.web.SpringDataWebAutoConfiguration, org.springframework.boot.autoconfigure.freemarker.FreeMarkerAutoConfiguration, org.springframework.boot.autoconfigure.groovy.template.GroovyTemplateAutoConfiguration, org.springframework.boot.autoconfigure.gson.GsonAutoConfiguration, org.springframework.boot.autoconfigure.hateoas.HypermediaAutoConfiguration, org.springframework.boot.autoconfigure.http.HttpMessageConvertersAutoConfiguration, org.springframework.boot.autoconfigure.jackson.JacksonAutoConfiguration, org.springframework.boot.autoconfigure.jsonb.JsonbAutoConfiguration, org.springframework.boot.autoconfigure.mustache.MustacheAutoConfiguration, org.springframework.boot.autoconfigure.task.TaskExecutionAutoConfiguration, org.springframework.boot.autoconfigure.thymeleaf.ThymeleafAutoConfiguration, org.springframework.boot.autoconfigure.validation.ValidationAutoConfiguration, org.springframework.boot.autoconfigure.web.servlet.error.ErrorMvcAutoConfiguration, org.springframework.boot.autoconfigure.web.servlet.WebMvcAutoConfiguration, org.springframework.boot.test.autoconfigure.web.servlet.MockMvcAutoConfiguration, org.springframework.boot.test.autoconfigure.web.servlet.MockMvcSecurityAutoConfiguration, org.springframework.boot.test.autoconfigure.web.servlet.MockMvcWebClientAutoConfiguration, org.springframework.boot.test.autoconfigure.web.servlet.MockMvcWebDriverAutoConfiguration]], org.springframework.boot.test.context.filter.ExcludeFilterContextCustomizer@5a4aa2f2, org.springframework.boot.test.json.DuplicateJsonObjectContextCustomizerFactory$DuplicateJsonObjectContextCustomizer@429bd883, org.springframework.boot.test.mock.mockito.MockitoContextCustomizer@77187183, org.springframework.boot.test.autoconfigure.OverrideAutoConfigurationContextCustomizerFactory$DisableAutoConfigurationContextCustomizer@15bb6bea, org.springframework.boot.test.autoconfigure.filter.TypeExcludeFiltersContextCustomizer@7ef7e65d, org.springframework.boot.test.autoconfigure.properties.PropertyMappingContextCustomizer@cabcf0ae, org.springframework.boot.test.autoconfigure.web.servlet.WebDriverContextCustomizerFactory$Customizer@657c8ad9], resourceBasePath = '', contextLoader = 'org.springframework.boot.test.context.SpringBootContextLoader', parent = [null]], attributes = map[[empty]]], class annotated with @DirtiesContext [false] with mode [null].
19:04:29.055 [main] DEBUG org.springframework.test.annotation.ProfileValueUtils - Retrieved @ProfileValueSourceConfiguration [null] for test class [br.com.engdb.services.devportal.controller.integratedtests.ParameterControllerTest]
19:04:29.056 [main] DEBUG org.springframework.test.annotation.ProfileValueUtils - Retrieved ProfileValueSource type [class org.springframework.test.annotation.SystemProfileValueSource] for class [br.com.engdb.services.devportal.controller.integratedtests.ParameterControllerTest]
19:04:29.586 [main] DEBUG org.springframework.test.context.support.TestPropertySourceUtils - Adding inlined properties to environment: {spring.jmx.enabled=false, org.springframework.boot.test.autoconfigure.web.servlet.WebMvcTestContextBootstrapper=true, server.port=-1}

  .   ____          _            __ _ _
 /\\ / ___'_ __ _ _(_)_ __  __ _ \ \ \ \
( ( )\___ | '_ | '_| | '_ \/ _` | \ \ \ \
 \\/  ___)| |_)| | | | | || (_| |  ) ) ) )
  '  |____| .__|_| |_|_| |_\__, | / / / /
 =========|_|==============|___/=/_/_/_/
 :: Spring Boot ::        (v2.1.2.RELEASE)

2020-07-16 19:04:31.075  INFO 14900 --- [           main] b.c.e.s.d.c.i.ParameterControllerTest    : Starting ParameterControllerTest on LAPTOP-34FJHQCR with PID 14900 (started by Intera in C:\Users\Intera\Intera\OneDrive\Documentos\Via Varejo\Apps\devportal\developer-portal-service\.)
2020-07-16 19:04:31.094  INFO 14900 --- [           main] b.c.e.s.d.c.i.ParameterControllerTest    : No active profile set, falling back to default profiles: default
2020-07-16 19:04:34.635  INFO 14900 --- [           main] trationDelegate$BeanPostProcessorChecker : Bean 'org.springframework.security.config.annotation.configuration.ObjectPostProcessorConfiguration' of type [org.springframework.security.config.annotation.configuration.ObjectPostProcessorConfiguration$$EnhancerBySpringCGLIB$$2730d831] is not eligible for getting processed by all BeanPostProcessors (for example: not eligible for auto-proxying)
2020-07-16 19:04:34.654  INFO 14900 --- [           main] trationDelegate$BeanPostProcessorChecker : Bean 'objectPostProcessor' of type [org.springframework.security.config.annotation.configuration.AutowireBeanFactoryObjectPostProcessor] is not eligible for getting processed by all BeanPostProcessors (for example: not eligible for auto-proxying)
2020-07-16 19:04:34.658  INFO 14900 --- [           main] trationDelegate$BeanPostProcessorChecker : Bean 'org.springframework.security.access.expression.method.DefaultMethodSecurityExpressionHandler@2b98b3bb' of type [org.springframework.security.access.expression.method.DefaultMethodSecurityExpressionHandler] is not eligible for getting processed by all BeanPostProcessors (for example: not eligible for auto-proxying)
2020-07-16 19:04:34.677  INFO 14900 --- [           main] trationDelegate$BeanPostProcessorChecker : Bean 'org.springframework.security.config.annotation.method.configuration.GlobalMethodSecurityConfiguration' of type [org.springframework.security.config.annotation.method.configuration.GlobalMethodSecurityConfiguration$$EnhancerBySpringCGLIB$$4c057ae3] is not eligible for getting processed by all BeanPostProcessors (for example: not eligible for auto-proxying)
2020-07-16 19:04:34.690  INFO 14900 --- [           main] trationDelegate$BeanPostProcessorChecker : Bean 'methodSecurityMetadataSource' of type [org.springframework.security.access.method.DelegatingMethodSecurityMetadataSource] is not eligible for getting processed by all BeanPostProcessors (for example: not eligible for auto-proxying)
2020-07-16 19:04:37.106  INFO 14900 --- [           main] o.s.s.web.DefaultSecurityFilterChain     : Creating filter chain: any request, [org.springframework.security.web.context.request.async.WebAsyncManagerIntegrationFilter@636bbbbb, org.springframework.security.web.context.SecurityContextPersistenceFilter@4cfa8227, org.springframework.security.web.header.HeaderWriterFilter@126f1ba8, org.springframework.security.web.authentication.logout.LogoutFilter@1debc91c, br.com.engdb.services.commons.tools.AuthenticationFilter@34acbc60, org.springframework.security.web.savedrequest.RequestCacheAwareFilter@3f685162, org.springframework.security.web.servletapi.SecurityContextHolderAwareRequestFilter@13275d8, org.springframework.security.web.authentication.AnonymousAuthenticationFilter@7eae3764, org.springframework.security.web.session.SessionManagementFilter@1174a305, org.springframework.security.web.access.ExceptionTranslationFilter@2b037cfc, org.springframework.security.web.access.intercept.FilterSecurityInterceptor@67f3d192]
2020-07-16 19:04:38.868  INFO 14900 --- [           main] o.s.s.concurrent.ThreadPoolTaskExecutor  : Initializing ExecutorService 'applicationTaskExecutor'
2020-07-16 19:04:40.047  INFO 14900 --- [           main] o.s.b.t.m.w.SpringBootMockServletContext : Initializing Spring TestDispatcherServlet ''
2020-07-16 19:04:40.048  INFO 14900 --- [           main] o.s.t.web.servlet.TestDispatcherServlet  : Initializing Servlet ''
2020-07-16 19:04:40.086  INFO 14900 --- [           main] o.s.t.web.servlet.TestDispatcherServlet  : Completed initialization in 38 ms
2020-07-16 19:04:40.251  INFO 14900 --- [           main] b.c.e.s.d.c.i.ParameterControllerTest    : Started ParameterControllerTest in 10.629 seconds (JVM running for 13.483)
[INFO] Tests run: 1, Failures: 0, Errors: 0, Skipped: 0, Time elapsed: 12.502 s - in br.com.engdb.services.devportal.controller.integratedtests.ParameterControllerTest
[INFO] Running br.com.engdb.services.devportal.service.ParameterServiceTest
2020-07-16 19:04:40.373  INFO 14900 --- [           main] o.s.t.c.s.DefaultTestContextBootstrapper : Neither @ContextConfiguration nor @ContextHierarchy found for test class [br.com.engdb.services.devportal.service.ParameterServiceTest], using DelegatingSmartContextLoader
2020-07-16 19:04:40.375  INFO 14900 --- [           main] o.s.t.c.support.AbstractContextLoader    : Could not detect default resource locations for test class [br.com.engdb.services.devportal.service.ParameterServiceTest]: no resource found for suffixes {-context.xml}.
2020-07-16 19:04:40.377  INFO 14900 --- [           main] t.c.s.AnnotationConfigContextLoaderUtils : Could not detect default configuration classes for test class [br.com.engdb.services.devportal.service.ParameterServiceTest]: ParameterServiceTest does not declare any static, non-private, non-final, nested classes annotated with @Configuration.
2020-07-16 19:04:40.380  INFO 14900 --- [           main] o.s.t.c.s.DefaultTestContextBootstrapper : Loaded default TestExecutionListener class names from location [META-INF/spring.factories]: [org.springframework.boot.test.mock.mockito.MockitoTestExecutionListener, org.springframework.boot.test.mock.mockito.ResetMocksTestExecutionListener, org.springframework.boot.test.autoconfigure.restdocs.RestDocsTestExecutionListener, org.springframework.boot.test.autoconfigure.web.client.MockRestServiceServerResetTestExecutionListener, org.springframework.boot.test.autoconfigure.web.servlet.MockMvcPrintOnlyOnFailureTestExecutionListener, org.springframework.boot.test.autoconfigure.web.servlet.WebDriverTestExecutionListener, org.springframework.test.context.web.ServletTestExecutionListener, org.springframework.test.context.support.DirtiesContextBeforeModesTestExecutionListener, org.springframework.test.context.support.DependencyInjectionTestExecutionListener, org.springframework.test.context.support.DirtiesContextTestExecutionListener, org.springframework.test.context.transaction.TransactionalTestExecutionListener, org.springframework.test.context.jdbc.SqlScriptsTestExecutionListener]
2020-07-16 19:04:40.382  INFO 14900 --- [           main] o.s.t.c.s.DefaultTestContextBootstrapper : Using TestExecutionListeners: [org.springframework.test.context.web.ServletTestExecutionListener@6ca372ef, org.springframework.test.context.support.DirtiesContextBeforeModesTestExecutionListener@3ebe4ccc, org.springframework.boot.test.mock.mockito.MockitoTestExecutionListener@6ed043d3, org.springframework.test.context.support.DependencyInjectionTestExecutionListener@135a8c6f, org.springframework.test.context.support.DirtiesContextTestExecutionListener@6419a0e1, org.springframework.test.context.transaction.TransactionalTestExecutionListener@280d4882, org.springframework.test.context.jdbc.SqlScriptsTestExecutionListener@44af588b, org.springframework.boot.test.mock.mockito.ResetMocksTestExecutionListener@3d19d85, org.springframework.boot.test.autoconfigure.restdocs.RestDocsTestExecutionListener@2ae62bb6, org.springframework.boot.test.autoconfigure.web.client.MockRestServiceServerResetTestExecutionListener@68ed3f30, org.springframework.boot.test.autoconfigure.web.servlet.MockMvcPrintOnlyOnFailureTestExecutionListener@56b859a6, org.springframework.boot.test.autoconfigure.web.servlet.WebDriverTestExecutionListener@590adb41]
[INFO] Tests run: 1, Failures: 0, Errors: 0, Skipped: 0, Time elapsed: 0.213 s - in br.com.engdb.services.devportal.service.ParameterServiceTest
2020-07-16 19:04:40.948  INFO 14900 --- [       Thread-3] o.s.s.concurrent.ThreadPoolTaskExecutor  : Shutting down ExecutorService 'applicationTaskExecutor'
[INFO] 
[INFO] Results:
[INFO] 
[INFO] Tests run: 2, Failures: 0, Errors: 0, Skipped: 0
[INFO] 
[INFO] 
[INFO] --- maven-jar-plugin:3.1.1:jar (default-jar) @ developer-portal-service ---
[INFO] Building jar: C:\Users\Intera\Intera\OneDrive\Documentos\Via Varejo\Apps\devportal\developer-portal-service\.\target\developer-portal-service-1.0.0-SNAPSHOT.jar
[INFO] 
[INFO] --- spring-boot-maven-plugin:2.1.2.RELEASE:repackage (repackage) @ developer-portal-service ---
[INFO] Replacing main artifact with repackaged archive
[INFO] 
[INFO] --- maven-install-plugin:2.5.2:install (default-install) @ developer-portal-service ---
[INFO] Installing C:\Users\Intera\Intera\OneDrive\Documentos\Via Varejo\Apps\devportal\developer-portal-service\.\target\developer-portal-service-1.0.0-SNAPSHOT.jar to C:\Users\Intera\Intera\.m2\repository\br\com\engdb\services\developer-portal-service\1.0.0-SNAPSHOT\developer-portal-service-1.0.0-SNAPSHOT.jar
[INFO] Installing C:\Users\Intera\Intera\OneDrive\Documentos\Via Varejo\Apps\devportal\developer-portal-service\.\pom.xml to C:\Users\Intera\Intera\.m2\repository\br\com\engdb\services\developer-portal-service\1.0.0-SNAPSHOT\developer-portal-service-1.0.0-SNAPSHOT.pom
[INFO] ------------------------------------------------------------------------
[INFO] BUILD SUCCESS
[INFO] ------------------------------------------------------------------------
[INFO] Total time:  43.484 s
[INFO] Finished at: 2020-07-16T19:04:45-03:00
[INFO] ------------------------------------------------------------------------
